{"/Users/Hanschristian/Desktop/CSE 112/project/SexyGeoHatters/nightwatch.conf.BASIC.js":{"path":"/Users/Hanschristian/Desktop/CSE 112/project/SexyGeoHatters/nightwatch.conf.BASIC.js","s":{"1":1,"2":1,"3":1,"4":1,"5":1,"6":1,"7":0,"8":0,"9":0,"10":0,"11":1,"12":0,"13":1,"14":1,"15":0,"16":0,"17":0,"18":0,"19":0,"20":0,"21":0,"22":1,"23":1},"b":{"1":[0,1],"2":[1,1,1],"3":[0,0],"4":[0,0],"5":[0,0],"6":[0,0]},"f":{"1":1,"2":0,"3":0,"4":0},"fnMap":{"1":{"name":"(anonymous_1)","line":49,"loc":{"start":{"line":49,"column":45},"end":{"line":49,"column":66}}},"2":{"name":"(anonymous_2)","line":51,"loc":{"start":{"line":51,"column":49},"end":{"line":51,"column":65}}},"3":{"name":"padLeft","line":59,"loc":{"start":{"line":59,"column":0},"end":{"line":59,"column":25}}},"4":{"name":"imgpath","line":71,"loc":{"start":{"line":71,"column":0},"end":{"line":71,"column":27}}}},"statementMap":{"1":{"start":{"line":1,"column":0},"end":{"line":1,"column":24}},"2":{"start":{"line":2,"column":0},"end":{"line":2,"column":41}},"3":{"start":{"line":3,"column":0},"end":{"line":3,"column":49}},"4":{"start":{"line":6,"column":0},"end":{"line":40,"column":1}},"5":{"start":{"line":49,"column":0},"end":{"line":56,"column":3}},"6":{"start":{"line":50,"column":2},"end":{"line":55,"column":3}},"7":{"start":{"line":51,"column":4},"end":{"line":54,"column":7}},"8":{"start":{"line":52,"column":6},"end":{"line":52,"column":40}},"9":{"start":{"line":52,"column":17},"end":{"line":52,"column":40}},"10":{"start":{"line":53,"column":6},"end":{"line":53,"column":71}},"11":{"start":{"line":59,"column":0},"end":{"line":61,"column":1}},"12":{"start":{"line":60,"column":2},"end":{"line":60,"column":53}},"13":{"start":{"line":63,"column":0},"end":{"line":63,"column":18}},"14":{"start":{"line":71,"column":0},"end":{"line":79,"column":1}},"15":{"start":{"line":72,"column":2},"end":{"line":72,"column":46}},"16":{"start":{"line":73,"column":2},"end":{"line":73,"column":26}},"17":{"start":{"line":74,"column":2},"end":{"line":74,"column":51}},"18":{"start":{"line":75,"column":2},"end":{"line":75,"column":43}},"19":{"start":{"line":76,"column":2},"end":{"line":76,"column":20}},"20":{"start":{"line":77,"column":2},"end":{"line":77,"column":64}},"21":{"start":{"line":78,"column":2},"end":{"line":78,"column":71}},"22":{"start":{"line":81,"column":0},"end":{"line":81,"column":33}},"23":{"start":{"line":82,"column":0},"end":{"line":82,"column":49}}},"branchMap":{"1":{"line":50,"type":"if","locations":[{"start":{"line":50,"column":2},"end":{"line":50,"column":2}},{"start":{"line":50,"column":2},"end":{"line":50,"column":2}}]},"2":{"line":50,"type":"binary-expr","locations":[{"start":{"line":50,"column":6},"end":{"line":50,"column":9}},{"start":{"line":50,"column":13},"end":{"line":50,"column":18}},{"start":{"line":50,"column":22},"end":{"line":50,"column":35}}]},"3":{"line":52,"type":"if","locations":[{"start":{"line":52,"column":6},"end":{"line":52,"column":6}},{"start":{"line":52,"column":6},"end":{"line":52,"column":6}}]},"4":{"line":60,"type":"cond-expr","locations":[{"start":{"line":60,"column":22},"end":{"line":60,"column":33}},{"start":{"line":60,"column":36},"end":{"line":60,"column":52}}]},"5":{"line":74,"type":"cond-expr","locations":[{"start":{"line":74,"column":28},"end":{"line":74,"column":41}},{"start":{"line":74,"column":44},"end":{"line":74,"column":49}}]},"6":{"line":75,"type":"cond-expr","locations":[{"start":{"line":75,"column":24},"end":{"line":75,"column":33}},{"start":{"line":75,"column":36},"end":{"line":75,"column":41}}]}}}}