TN:
SF:/Users/Hanschristian/Desktop/CSE 112/project/SexyGeoHatters/nightwatch.conf.BASIC.js
FN:49,(anonymous_1)
FN:51,(anonymous_2)
FN:59,padLeft
FN:71,imgpath
FNF:4
FNH:1
FNDA:1,(anonymous_1)
FNDA:0,(anonymous_2)
FNDA:0,padLeft
FNDA:0,imgpath
DA:1,1
DA:2,1
DA:3,1
DA:6,1
DA:49,1
DA:50,1
DA:51,0
DA:52,0
DA:53,0
DA:59,1
DA:60,0
DA:63,1
DA:71,1
DA:72,0
DA:73,0
DA:74,0
DA:75,0
DA:76,0
DA:77,0
DA:78,0
DA:81,1
DA:82,1
LF:22
LH:11
BRDA:50,1,0,0
BRDA:50,1,1,1
BRDA:50,2,0,1
BRDA:50,2,1,1
BRDA:50,2,2,1
BRDA:52,3,0,0
BRDA:52,3,1,0
BRDA:60,4,0,0
BRDA:60,4,1,0
BRDA:74,5,0,0
BRDA:74,5,1,0
BRDA:75,6,0,0
BRDA:75,6,1,0
BRF:13
BRH:4
end_of_record
